[debug] [2026-06-23T16:59:06.679Z] ----------------------------------------------------------------------
[debug] [2026-06-23T16:59:06.683Z] Command:       C:\Program Files\nodejs\node.exe C:\Users\marce\AppData\Roaming\npm\node_modules\firebase-tools\lib\bin\firebase.js projects:list --json
[debug] [2026-06-23T16:59:06.684Z] CLI Version:   15.22.1
[debug] [2026-06-23T16:59:06.684Z] Platform:      win32
[debug] [2026-06-23T16:59:06.684Z] Node Version:  v24.17.0
[debug] [2026-06-23T16:59:06.684Z] Detected Agent: unknown
[debug] [2026-06-23T16:59:06.685Z] Time:          Tue Jun 23 2026 13:59:06 GMT-0300 (hora estándar de Argentina)
[debug] [2026-06-23T16:59:06.685Z] ----------------------------------------------------------------------
[debug] 
[debug] [2026-06-23T16:59:06.700Z] > command requires scopes: ["email","openid","https://www.googleapis.com/auth/cloudplatformprojects.readonly","https://www.googleapis.com/auth/firebase","https://www.googleapis.com/auth/cloud-platform"]
[debug] [2026-06-23T16:59:06.701Z] > authorizing via signed-in user (cabelloadrian75@gmail.com)
[debug] [2026-06-23T16:59:06.706Z] Checked if tokens are valid: true, expires at: 1782235417879
[debug] [2026-06-23T16:59:06.706Z] Checked if tokens are valid: true, expires at: 1782235417879
[debug] [2026-06-23T16:59:06.708Z] >>> [apiv2][query] GET https://firebase.googleapis.com/v1beta1/projects pageSize=1000
[debug] [2026-06-23T16:59:07.954Z] FetchError: Invalid response body while trying to fetch https://firebase.googleapis.com/v1beta1/projects?pageSize=1000: Premature close
[debug] [2026-06-23T16:59:08.343Z] FirebaseError: FetchError: Invalid response body while trying to fetch https://firebase.googleapis.com/v1beta1/projects?pageSize=1000: Premature close
    at RetryOperation._fn (C:\Users\marce\AppData\Roaming\npm\node_modules\firebase-tools\lib\apiv2.js:317:88)
    at process.processTicksAndRejections (node:internal/process/task_queues:104:5)
[error] 
[error] Error: Failed to list Firebase projects. See firebase-debug.log for more info.
[debug] [2026-06-23T16:59:25.248Z] ----------------------------------------------------------------------
[debug] [2026-06-23T16:59:25.251Z] Command:       C:\Program Files\nodejs\node.exe C:\Users\marce\AppData\Roaming\npm\node_modules\firebase-tools\lib\bin\firebase.js projects:create gola --json
[debug] [2026-06-23T16:59:25.251Z] CLI Version:   15.22.1
[debug] [2026-06-23T16:59:25.251Z] Platform:      win32
[debug] [2026-06-23T16:59:25.251Z] Node Version:  v24.17.0
[debug] [2026-06-23T16:59:25.251Z] Detected Agent: unknown
[debug] [2026-06-23T16:59:25.251Z] Time:          Tue Jun 23 2026 13:59:25 GMT-0300 (hora estándar de Argentina)
[debug] [2026-06-23T16:59:25.251Z] ----------------------------------------------------------------------
[debug] 
[debug] [2026-06-23T16:59:25.265Z] > command requires scopes: ["email","openid","https://www.googleapis.com/auth/cloudplatformprojects.readonly","https://www.googleapis.com/auth/firebase","https://www.googleapis.com/auth/cloud-platform"]
[debug] [2026-06-23T16:59:25.266Z] > authorizing via signed-in user (cabelloadrian75@gmail.com)
[debug] [2026-06-23T16:59:25.269Z] Checked if tokens are valid: true, expires at: 1782235417879
[debug] [2026-06-23T16:59:25.270Z] Checked if tokens are valid: true, expires at: 1782235417879
[debug] [2026-06-23T16:59:25.271Z] >>> [apiv2][query] POST https://cloudresourcemanager.googleapis.com/v1/projects [none]
[debug] [2026-06-23T16:59:25.271Z] >>> [apiv2][body] POST https://cloudresourcemanager.googleapis.com/v1/projects {"projectId":"gola","name":"gola"}
[debug] [2026-06-23T16:59:26.239Z] FirebaseError: FetchError: Invalid response body while trying to fetch https://cloudresourcemanager.googleapis.com/v1/projects: Premature close
    at RetryOperation._fn (C:\Users\marce\AppData\Roaming\npm\node_modules\firebase-tools\lib\apiv2.js:317:88)
    at process.processTicksAndRejections (node:internal/process/task_queues:104:5)
[error] 
[error] Error: Failed to create project. See firebase-debug.log for more info.
